<?xml version="1.0" encoding="UTF-8"?>
<testng-results ignored="0" total="1" passed="1" failed="0" skipped="0">
  <reporter-output>
  </reporter-output>
  <suite started-at="2020-06-11T22:32:30 EDT" name="Default suite" finished-at="2020-06-11T22:32:40 EDT" duration-ms="10488">
    <groups>
    </groups>
    <test started-at="2020-06-11T22:32:30 EDT" name="Default test" finished-at="2020-06-11T22:32:40 EDT" duration-ms="10488">
      <class name="FacebookRegistrationTest.CodeFromMohamad">
        <test-method is-config="true" signature="beforeClass()[pri:0, instance:FacebookRegistrationTest.CodeFromMohamad@1df82230]" started-at="2020-06-11T22:32:30 EDT" name="beforeClass" finished-at="2020-06-11T22:32:39 EDT" duration-ms="9440" status="PASS">
          <reporter-output>
          </reporter-output>
        </test-method> <!-- beforeClass -->
        <test-method signature="display()[pri:0, instance:FacebookRegistrationTest.CodeFromMohamad@1df82230]" started-at="2020-06-11T22:32:39 EDT" name="display" finished-at="2020-06-11T22:32:40 EDT" duration-ms="233" status="PASS">
          <reporter-output>
          </reporter-output>
        </test-method> <!-- display -->
        <test-method is-config="true" signature="afterClass()[pri:0, instance:FacebookRegistrationTest.CodeFromMohamad@1df82230]" started-at="2020-06-11T22:32:40 EDT" name="afterClass" finished-at="2020-06-11T22:32:40 EDT" duration-ms="765" status="PASS">
          <reporter-output>
          </reporter-output>
        </test-method> <!-- afterClass -->
      </class> <!-- FacebookRegistrationTest.CodeFromMohamad -->
    </test> <!-- Default test -->
  </suite> <!-- Default suite -->
</testng-results>
